<?xml version="1.0" encoding="UTF-8"?>
<!-- Generated by org.testng.reporters.JUnitXMLReporter -->
<testsuite hostname="DESKTOP-3L2FMR8" failures="1" tests="2" name="extTest1" time="0.508" errors="0" timestamp="8 Feb 2024 11:49:21 GMT">
  <testcase classname="Com_framework.Extent_test" name="fail" time="0.013">
    <failure type="java.lang.ArithmeticException" message="/ by zero">
      <![CDATA[java.lang.ArithmeticException: / by zero
	at Com_framework.Extent_test.fail(Extent_test.java:74)
... Removed 24 stack frames]]>
    </failure>
  </testcase> <!-- fail -->
  <testcase classname="Com_framework.Extent_test" name="pass1" time="0.004"/>
</testsuite> <!-- extTest1 -->
