<?xml version="1.0" encoding="UTF-8"?>
<!-- Generated by org.testng.reporters.JUnitXMLReporter -->
<testsuite hostname="DESKTOP-3L2FMR8" failures="3" tests="10" name="Test" time="0.086" errors="0" timestamp="4 Aug 2024 14:24:04 GMT">
  <testcase classname="prep.rerun_fail_while_exe" name="f1" time="0.016">
    <skipped/>
  </testcase> <!-- f1 -->
  <testcase classname="prep.rerun_fail_while_exe" name="f1" time="0.002">
    <skipped/>
  </testcase> <!-- f1 -->
  <testcase classname="prep.rerun_fail_while_exe" name="f1" time="0.003">
    <failure type="java.lang.AssertionError" message="expected [true] but found [false]">
      <![CDATA[java.lang.AssertionError: expected [true] but found [false]
	at prep.rerun_fail_while_exe.f1(rerun_fail_while_exe.java:17)
... Removed 28 stack frames]]>
    </failure>
  </testcase> <!-- f1 -->
  <testcase classname="prep.rerun_fail_while_exe" name="f2" time="0.003">
    <skipped/>
  </testcase> <!-- f2 -->
  <testcase classname="prep.rerun_fail_while_exe" name="f2" time="0.002">
    <skipped/>
  </testcase> <!-- f2 -->
  <testcase classname="prep.rerun_fail_while_exe" name="f2" time="0.004">
    <failure type="java.lang.AssertionError" message="expected [true] but found [false]">
      <![CDATA[java.lang.AssertionError: expected [true] but found [false]
	at prep.rerun_fail_while_exe.f2(rerun_fail_while_exe.java:27)
... Removed 28 stack frames]]>
    </failure>
  </testcase> <!-- f2 -->
  <testcase classname="prep.rerun_fail_while_exe" name="f3" time="0.002"/>
  <testcase classname="prep.rerun_fail_while_exe" name="f4" time="0.001">
    <skipped/>
  </testcase> <!-- f4 -->
  <testcase classname="prep.rerun_fail_while_exe" name="f4" time="0.001">
    <skipped/>
  </testcase> <!-- f4 -->
  <testcase classname="prep.rerun_fail_while_exe" name="f4" time="0.002">
    <failure type="java.lang.AssertionError" message="expected [true] but found [false]">
      <![CDATA[java.lang.AssertionError: expected [true] but found [false]
	at prep.rerun_fail_while_exe.f4(rerun_fail_while_exe.java:44)
... Removed 28 stack frames]]>
    </failure>
  </testcase> <!-- f4 -->
</testsuite> <!-- Test -->
