<?xml version="1.0" encoding="UTF-8"?>
<!-- Generated by org.testng.reporters.JUnitXMLReporter -->
<testsuite hostname="DESKTOP-3L2FMR8" failures="1" tests="1" name="Test" time="8.124" errors="0" timestamp="3 Mar 2023 13:21:47 GMT">
  <testcase classname="Com_framework.Screenshot_Failure_TestNG_Listener" name="listener_test" time="5.259">
    <failure type="java.lang.AssertionError" message="expected [true] but found [false]">
      <![CDATA[java.lang.AssertionError: expected [true] but found [false]
	at Com_framework.Screenshot_Failure_TestNG_Listener.listener_test(Screenshot_Failure_TestNG_Listener.java:34)
... Removed 28 stack frames]]>
    </failure>
  </testcase> <!-- listener_test -->
</testsuite> <!-- Test -->
