<?xml version="1.0" encoding="UTF-8"?>
<testng-results total="1" passed="1" failed="0" skipped="0">
  <reporter-output>
  </reporter-output>
  <suite started-at="2024-08-07T18:00:40Z" name="Default suite" finished-at="2024-08-07T18:00:40Z" duration-ms="32">
    <groups>
    </groups>
    <test started-at="2024-08-07T18:00:40Z" name="Default test" finished-at="2024-08-07T18:00:40Z" duration-ms="32">
      <class name="prep.test">
        <test-method signature="a()[pri:0, instance:prep.test@6a47b187]" started-at="2024-08-07T23:30:40Z" name="a" finished-at="2024-08-07T23:30:40Z" duration-ms="11" status="PASS">
          <reporter-output>
          </reporter-output>
        </test-method> <!-- a -->
      </class> <!-- prep.test -->
    </test> <!-- Default test -->
  </suite> <!-- Default suite -->
</testng-results>
