<?xml version="1.0" encoding="UTF-8"?>
<testng-results total="1" passed="1" failed="0" skipped="0">
  <reporter-output>
  </reporter-output>
  <suite started-at="2024-08-10T11:40:15Z" name="Default suite" finished-at="2024-08-10T11:40:15Z" duration-ms="22">
    <groups>
    </groups>
    <test started-at="2024-08-10T11:40:15Z" name="Default test" finished-at="2024-08-10T11:40:15Z" duration-ms="22">
      <class name="prep.java_dia_c">
        <test-method signature="intr1_4()[pri:0, instance:prep.java_dia_c@125290e5]" started-at="2024-08-10T17:10:15Z" name="intr1_4" finished-at="2024-08-10T17:10:15Z" duration-ms="10" status="PASS">
          <reporter-output>
          </reporter-output>
        </test-method> <!-- intr1_4 -->
      </class> <!-- prep.java_dia_c -->
    </test> <!-- Default test -->
  </suite> <!-- Default suite -->
</testng-results>
