<?xml version="1.0" encoding="UTF-8"?>
<!-- Generated by org.testng.reporters.JUnitXMLReporter -->
<testsuite hostname="DESKTOP-3L2FMR8" failures="0" tests="6" name="parallelTest" time="27.799" errors="0" timestamp="23 Feb 2023 12:41:17 GMT">
  <testcase classname="Com_framework.Parallel1" name="parallel1_3" time="15.657"/>
  <testcase classname="Com_framework.Parallel1" name="parallel1_1" time="18.179"/>
  <testcase classname="Com_framework.Parallel1" name="parallel1_2" time="18.195"/>
  <testcase classname="Com_framework.Parallel2" name="parallel2_1" time="18.36"/>
  <testcase classname="Com_framework.Parallel2" name="parallel2_3" time="7.096"/>
  <testcase classname="Com_framework.Parallel2" name="parallel2_2" time="27.777"/>
</testsuite> <!-- parallelTest -->
